0003 0039 00000069
0003 0035 000000b8
0003 0036 000003f8
0001 014a 00000001
0000 0000 00000000
0003 0035 000000c4
0003 0036 000003f6
0000 0000 00000000
0003 0035 000000cb
0003 0036 000003f4
0000 0000 00000000
0003 0035 000000d0
0003 0036 000003f3
0000 0000 00000000
0003 0035 000000d5
0000 0000 00000000
0003 0035 000000db
0003 0036 000003f2
0000 0000 00000000
0003 0035 000000e1
0000 0000 00000000
0003 0035 000000e7
0003 0036 000003f1
0000 0000 00000000
0003 0035 000000ef
0003 0036 000003ef
0000 0000 00000000
0003 0035 000000f6
0000 0000 00000000
0003 0035 000000fc
0003 0036 000003ee
0000 0000 00000000
0003 0035 00000102
0003 0036 000003ed
0000 0000 00000000
0003 0035 0000010a
0000 0000 00000000
0003 0035 00000110
0003 0036 000003ec
0000 0000 00000000
0003 0035 00000115
0003 0036 000003ea
0000 0000 00000000
0003 0035 0000011b
0000 0000 00000000
0003 0035 00000120
0003 0036 000003e9
0000 0000 00000000
0003 0035 00000125
0000 0000 00000000
0003 0035 00000129
0003 0036 000003e8
0000 0000 00000000
0003 0035 00000130
0000 0000 00000000
0003 0035 00000134
0003 0036 000003e7
0000 0000 00000000
0003 0035 00000139
0000 0000 00000000
0003 0035 0000013e
0003 0036 000003e5
0000 0000 00000000
0003 0035 00000143
0000 0000 00000000
0003 0035 00000148
0003 0036 000003e4
0000 0000 00000000
0003 0035 0000014d
0000 0000 00000000
0003 0035 00000152
0003 0036 000003e3
0000 0000 00000000
0003 0035 00000157
0000 0000 00000000
0003 0035 0000015c
0003 0036 000003e2
0000 0000 00000000
0003 0035 00000160
0000 0000 00000000
0003 0035 00000165
0003 0036 000003e0
0000 0000 00000000
0003 0035 0000016a
0000 0000 00000000
0003 0035 0000016f
0003 0036 000003df
0000 0000 00000000
0003 0035 00000174
0000 0000 00000000
0003 0035 00000179
0000 0000 00000000
0003 0035 0000017d
0003 0036 000003de
0000 0000 00000000
0003 0035 00000181
0000 0000 00000000
0003 0035 00000185
0000 0000 00000000
0003 0035 00000189
0000 0000 00000000
0003 0035 0000018e
0000 0000 00000000
0003 0035 00000191
0000 0000 00000000
0003 0035 00000196
0000 0000 00000000
0003 0035 0000019a
0000 0000 00000000
0003 0035 0000019e
0003 0036 000003dd
0000 0000 00000000
0003 0035 000001a2
0000 0000 00000000
0003 0035 000001a6
0000 0000 00000000
0003 0035 000001aa
0000 0000 00000000
0003 0035 000001ad
0000 0000 00000000
0003 0035 000001b2
0000 0000 00000000
0003 0035 000001b6
0000 0000 00000000
0003 0035 000001bb
0000 0000 00000000
0003 0035 000001bf
0000 0000 00000000
0003 0035 000001c3
0000 0000 00000000
0003 0035 000001c7
0000 0000 00000000
0003 0035 000001cc
0000 0000 00000000
0003 0035 000001d1
0000 0000 00000000
0003 0035 000001d6
0000 0000 00000000
0003 0035 000001db
0000 0000 00000000
0003 0035 000001e0
0000 0000 00000000
0003 0035 000001e4
0000 0000 00000000
0003 0035 000001e9
0000 0000 00000000
0003 0035 000001ed
0000 0000 00000000
0003 0035 000001f2
0000 0000 00000000
0003 0035 000001f7
0000 0000 00000000
0003 0035 000001fa
0000 0000 00000000
0003 0035 000001ff
0000 0000 00000000
0003 0035 00000203
0000 0000 00000000
0003 0035 00000207
0000 0000 00000000
0003 0035 0000020a
0000 0000 00000000
0003 0035 0000020e
0000 0000 00000000
0003 0035 00000210
0000 0000 00000000
0003 0035 00000214
0000 0000 00000000
0003 0035 00000218
0000 0000 00000000
0003 0035 0000021b
0000 0000 00000000
0003 0035 0000021d
0000 0000 00000000
0003 0035 00000220
0000 0000 00000000
0003 0035 00000224
0000 0000 00000000
0003 0035 00000228
0000 0000 00000000
0003 0035 0000022d
0000 0000 00000000
0003 0035 00000230
0000 0000 00000000
0003 0035 00000235
0000 0000 00000000
0003 0035 00000239
0000 0000 00000000
0003 0035 0000023e
0000 0000 00000000
0003 0035 00000242
0000 0000 00000000
0003 0035 00000247
0000 0000 00000000
0003 0035 0000024a
0000 0000 00000000
0003 0035 0000024f
0000 0000 00000000
0003 0035 00000254
0000 0000 00000000
0003 0035 00000258
0000 0000 00000000
0003 0035 0000025e
0000 0000 00000000
0003 0035 00000263
0003 0036 000003db
0000 0000 00000000
0003 0035 00000269
0000 0000 00000000
0003 0035 0000026e
0000 0000 00000000
0003 0035 00000274
0000 0000 00000000
0003 0035 00000279
0000 0000 00000000
0003 0035 0000027f
0000 0000 00000000
0003 0035 00000285
0000 0000 00000000
0003 0035 0000028b
0000 0000 00000000
0003 0035 00000293
0000 0000 00000000
0003 0035 00000299
0000 0000 00000000
0003 0035 0000029f
0000 0000 00000000
0003 0035 000002a7
0000 0000 00000000
0003 0035 000002ae
0003 0036 000003da
0000 0000 00000000
0003 0035 000002b5
0000 0000 00000000
0003 0035 000002bb
0000 0000 00000000
0003 0035 000002c2
0000 0000 00000000
0003 0035 000002c8
0000 0000 00000000
0003 0035 000002ce
0000 0000 00000000
0003 0035 000002d3
0000 0000 00000000
0003 0035 000002d8
0000 0000 00000000
0003 0035 000002dd
0000 0000 00000000
0003 0035 000002e2
0000 0000 00000000
0003 0035 000002e8
0000 0000 00000000
0003 0035 000002ed
0000 0000 00000000
0003 0035 000002f2
0000 0000 00000000
0003 0035 000002f7
0000 0000 00000000
0003 0035 000002fd
0000 0000 00000000
0003 0035 00000302
0000 0000 00000000
0003 0035 00000307
0000 0000 00000000
0003 0035 0000030b
0000 0000 00000000
0003 0035 00000312
0000 0000 00000000
0003 0035 00000317
0003 0036 000003d9
0000 0000 00000000
0003 0035 0000031b
0000 0000 00000000
0003 0035 00000320
0003 0036 000003d7
0000 0000 00000000
0003 0035 00000325
0000 0000 00000000
0003 0035 00000329
0000 0000 00000000
0003 0035 0000032d
0000 0000 00000000
0003 0035 00000330
0000 0000 00000000
0003 0035 00000333
0000 0000 00000000
0003 0035 00000335
0000 0000 00000000
0003 0035 00000338
0000 0000 00000000
0003 0035 0000033a
0000 0000 00000000
0003 0035 0000033b
0000 0000 00000000
0003 0035 0000033e
0000 0000 00000000
0003 0035 0000033f
0000 0000 00000000
0003 0035 00000342
0000 0000 00000000
0003 0035 00000343
0000 0000 00000000
0003 0035 00000344
0000 0000 00000000
0003 0035 00000345
0000 0000 00000000
0003 0035 00000347
0003 0036 000003d9
0000 0000 00000000
0003 0036 000003da
0000 0000 00000000
0003 0036 000003dd
0000 0000 00000000
0003 0036 000003e0
0000 0000 00000000
0003 0035 00000345
0003 0036 000003e5
0000 0000 00000000
0003 0035 00000342
0003 0036 000003ed
0000 0000 00000000
0003 0035 0000033d
0003 0036 000003f6
0000 0000 00000000
0003 0035 00000334
0003 0036 000003ff
0000 0000 00000000
0003 0035 0000032b
0003 0036 00000407
0000 0000 00000000
0003 0035 00000320
0003 0036 00000413
0000 0000 00000000
0003 0035 00000315
0003 0036 0000041d
0000 0000 00000000
0003 0035 0000030a
0003 0036 00000427
0000 0000 00000000
0003 0035 000002fe
0003 0036 00000432
0000 0000 00000000
0003 0035 000002f0
0003 0036 0000043e
0000 0000 00000000
0003 0035 000002e3
0003 0036 00000448
0000 0000 00000000
0003 0035 000002d5
0003 0036 00000452
0000 0000 00000000
0003 0035 000002c9
0003 0036 0000045c
0000 0000 00000000
0003 0035 000002bd
0003 0036 00000465
0000 0000 00000000
0003 0035 000002b3
0003 0036 0000046e
0000 0000 00000000
0003 0035 000002a9
0003 0036 00000475
0000 0000 00000000
0003 0035 000002a0
0003 0036 0000047d
0000 0000 00000000
0003 0035 0000029b
0003 0036 00000483
0000 0000 00000000
0003 0035 00000295
0003 0036 00000489
0000 0000 00000000
0003 0035 0000028e
0003 0036 00000491
0000 0000 00000000
0003 0035 00000287
0003 0036 0000049a
0000 0000 00000000
0003 0035 00000280
0003 0036 000004a3
0000 0000 00000000
0003 0035 0000027a
0003 0036 000004aa
0000 0000 00000000
0003 0035 00000274
0003 0036 000004b4
0000 0000 00000000
0003 0035 0000026e
0003 0036 000004bd
0000 0000 00000000
0003 0035 00000269
0003 0036 000004c7
0000 0000 00000000
0003 0035 00000263
0003 0036 000004d0
0000 0000 00000000
0003 0035 0000025b
0003 0036 000004db
0000 0000 00000000
0003 0035 00000255
0003 0036 000004e5
0000 0000 00000000
0003 0035 0000024e
0003 0036 000004ee
0000 0000 00000000
0003 0035 00000247
0003 0036 000004f7
0000 0000 00000000
0003 0035 0000023f
0003 0036 00000500
0000 0000 00000000
0003 0035 00000238
0003 0036 00000509
0000 0000 00000000
0003 0035 00000232
0003 0036 00000512
0000 0000 00000000
0003 0035 0000022a
0003 0036 00000519
0000 0000 00000000
0003 0035 00000224
0003 0036 00000521
0000 0000 00000000
0003 0035 0000021d
0003 0036 00000527
0000 0000 00000000
0003 0035 00000218
0003 0036 0000052d
0000 0000 00000000
0003 0035 00000213
0003 0036 00000534
0000 0000 00000000
0003 0035 0000020d
0003 0036 00000539
0000 0000 00000000
0003 0035 00000207
0003 0036 0000053e
0000 0000 00000000
0003 0035 000001ff
0003 0036 00000543
0000 0000 00000000
0003 0035 000001f9
0003 0036 00000548
0000 0000 00000000
0003 0035 000001f3
0003 0036 0000054c
0000 0000 00000000
0003 0035 000001ed
0003 0036 00000551
0000 0000 00000000
0003 0035 000001e7
0003 0036 00000555
0000 0000 00000000
0003 0035 000001e1
0003 0036 0000055a
0000 0000 00000000
0003 0035 000001db
0003 0036 0000055d
0000 0000 00000000
0003 0035 000001d6
0003 0036 00000561
0000 0000 00000000
0003 0035 000001ce
0003 0036 00000566
0000 0000 00000000
0003 0035 000001c7
0003 0036 0000056b
0000 0000 00000000
0003 0035 000001c0
0003 0036 00000572
0000 0000 00000000
0003 0035 000001b7
0003 0036 00000577
0000 0000 00000000
0003 0035 000001b0
0003 0036 0000057c
0000 0000 00000000
0003 0035 000001a7
0003 0036 00000582
0000 0000 00000000
0003 0035 000001a0
0003 0036 00000588
0000 0000 00000000
0003 0035 00000197
0003 0036 0000058d
0000 0000 00000000
0003 0035 0000018f
0003 0036 00000594
0000 0000 00000000
0003 0035 00000188
0003 0036 0000059a
0000 0000 00000000
0003 0035 0000017f
0003 0036 000005a0
0000 0000 00000000
0003 0035 00000178
0003 0036 000005a7
0000 0000 00000000
0003 0035 00000170
0003 0036 000005ac
0000 0000 00000000
0003 0035 00000169
0003 0036 000005b1
0000 0000 00000000
0003 0035 00000163
0003 0036 000005b6
0000 0000 00000000
0003 0035 0000015a
0003 0036 000005bc
0000 0000 00000000
0003 0035 00000154
0003 0036 000005c2
0000 0000 00000000
0003 0035 0000014e
0003 0036 000005c9
0000 0000 00000000
0003 0035 00000147
0003 0036 000005cf
0000 0000 00000000
0003 0035 00000141
0003 0036 000005d6
0000 0000 00000000
0003 0035 00000139
0003 0036 000005dd
0000 0000 00000000
0003 0035 00000133
0003 0036 000005e3
0000 0000 00000000
0003 0035 0000012d
0003 0036 000005e9
0000 0000 00000000
0003 0035 00000127
0003 0036 000005f0
0000 0000 00000000
0003 0035 00000121
0003 0036 000005f5
0000 0000 00000000
0003 0035 0000011a
0003 0036 000005fb
0000 0000 00000000
0003 0035 00000113
0003 0036 00000600
0000 0000 00000000
0003 0035 0000010c
0003 0036 00000606
0000 0000 00000000
0003 0035 00000106
0003 0036 0000060d
0000 0000 00000000
0003 0035 00000100
0003 0036 00000613
0000 0000 00000000
0003 0035 000000fa
0003 0036 00000619
0000 0000 00000000
0003 0035 000000f5
0003 0036 00000620
0000 0000 00000000
0003 0035 000000ef
0003 0036 00000625
0000 0000 00000000
0003 0035 000000ea
0003 0036 0000062a
0000 0000 00000000
0003 0035 000000e6
0003 0036 0000062f
0000 0000 00000000
0003 0035 000000e1
0003 0036 00000633
0000 0000 00000000
0003 0035 000000de
0003 0036 00000636
0000 0000 00000000
0003 0035 000000da
0003 0036 0000063a
0000 0000 00000000
0003 0035 000000d7
0003 0036 0000063d
0000 0000 00000000
0003 0035 000000d5
0003 0036 0000063f
0000 0000 00000000
0003 0035 000000d4
0003 0036 00000640
0000 0000 00000000
0003 0036 00000642
0000 0000 00000000
0003 0035 000000d3
0000 0000 00000000
0003 0035 000000d4
0000 0000 00000000
0003 0036 00000643
0000 0000 00000000
0003 0035 000000d5
0000 0000 00000000
0003 0035 000000d7
0000 0000 00000000
0003 0035 000000da
0000 0000 00000000
0003 0035 000000de
0003 0036 00000644
0000 0000 00000000
0003 0035 000000e2
0000 0000 00000000
0003 0035 000000e7
0000 0000 00000000
0003 0035 000000ef
0000 0000 00000000
0003 0035 000000f6
0000 0000 00000000
0003 0035 000000fd
0000 0000 00000000
0003 0035 00000106
0000 0000 00000000
0003 0035 00000110
0000 0000 00000000
0003 0035 0000011a
0000 0000 00000000
0003 0035 00000125
0000 0000 00000000
0003 0035 0000012e
0000 0000 00000000
0003 0035 00000139
0000 0000 00000000
0003 0035 00000143
0000 0000 00000000
0003 0035 0000014d
0000 0000 00000000
0003 0035 00000158
0000 0000 00000000
0003 0035 00000164
0003 0036 00000643
0000 0000 00000000
0003 0035 00000170
0000 0000 00000000
0003 0035 0000017e
0003 0036 00000642
0000 0000 00000000
0003 0035 0000018b
0003 0036 00000640
0000 0000 00000000
0003 0035 00000197
0003 0036 0000063f
0000 0000 00000000
0003 0035 000001a5
0000 0000 00000000
0003 0035 000001b1
0003 0036 0000063e
0000 0000 00000000
0003 0035 000001bc
0003 0036 0000063d
0000 0000 00000000
0003 0035 000001c8
0000 0000 00000000
0003 0035 000001d3
0000 0000 00000000
0003 0035 000001de
0000 0000 00000000
0003 0035 000001e9
0003 0036 0000063b
0000 0000 00000000
0003 0035 000001f3
0000 0000 00000000
0003 0035 000001fe
0000 0000 00000000
0003 0035 00000208
0000 0000 00000000
0003 0035 00000212
0000 0000 00000000
0003 0035 0000021b
0000 0000 00000000
0003 0035 00000222
0000 0000 00000000
0003 0035 0000022a
0000 0000 00000000
0003 0035 00000233
0000 0000 00000000
0003 0035 0000023b
0000 0000 00000000
0003 0035 00000243
0000 0000 00000000
0003 0035 0000024a
0000 0000 00000000
0003 0035 00000253
0000 0000 00000000
0003 0035 0000025a
0000 0000 00000000
0003 0035 00000263
0003 0036 0000063a
0000 0000 00000000
0003 0035 0000026a
0003 0036 00000639
0000 0000 00000000
0003 0035 00000272
0003 0036 00000638
0000 0000 00000000
0003 0035 0000027a
0003 0036 00000636
0000 0000 00000000
0003 0035 00000282
0003 0036 00000635
0000 0000 00000000
0003 0035 00000288
0000 0000 00000000
0003 0035 0000028f
0003 0036 00000634
0000 0000 00000000
0003 0035 00000295
0000 0000 00000000
0003 0035 0000029b
0000 0000 00000000
0003 0035 000002a0
0003 0036 00000633
0000 0000 00000000
0003 0035 000002a5
0000 0000 00000000
0003 0035 000002aa
0000 0000 00000000
0003 0035 000002b0
0000 0000 00000000
0003 0035 000002b5
0003 0036 00000631
0000 0000 00000000
0003 0035 000002bb
0000 0000 00000000
0003 0035 000002c0
0000 0000 00000000
0003 0035 000002c7
0003 0036 00000630
0000 0000 00000000
0003 0035 000002cb
0000 0000 00000000
0003 0035 000002d2
0000 0000 00000000
0003 0035 000002d7
0000 0000 00000000
0003 0035 000002db
0000 0000 00000000
0003 0035 000002e0
0000 0000 00000000
0003 0035 000002e5
0000 0000 00000000
0003 0035 000002ea
0000 0000 00000000
0003 0035 000002ee
0000 0000 00000000
0003 0035 000002f3
0000 0000 00000000
0003 0035 000002f7
0000 0000 00000000
0003 0035 000002fa
0000 0000 00000000
0003 0035 000002fd
0000 0000 00000000
0003 0035 00000300
0000 0000 00000000
0003 0035 00000302
0000 0000 00000000
0003 0035 00000304
0000 0000 00000000
0003 0035 00000305
0000 0000 00000000
0003 0035 00000308
0000 0000 00000000
0003 0035 0000030a
0000 0000 00000000
0003 0035 0000030d
0000 0000 00000000
0003 0035 0000030f
0000 0000 00000000
0003 0035 00000312
0000 0000 00000000
0003 0035 00000315
0000 0000 00000000
0003 0035 00000318
0000 0000 00000000
0003 0035 0000031b
0003 0036 00000631
0000 0000 00000000
0003 0035 0000031f
0000 0000 00000000
0003 0035 00000322
0000 0000 00000000
0003 0035 00000325
0000 0000 00000000
0003 0035 00000328
0000 0000 00000000
0003 0035 00000329
0000 0000 00000000
0003 0035 0000032a
0000 0000 00000000
0003 0035 0000032b
0000 0000 00000000
0003 0035 0000032d
0000 0000 00000000
0003 0035 0000032e
0000 0000 00000000
0003 0035 0000032f
0000 0000 00000000
0003 0035 00000330
0000 0000 00000000
0003 0035 00000332
0000 0000 00000000
0003 0035 00000333
0000 0000 00000000
0003 0035 00000334
0000 0000 00000000
0003 0035 00000335
0000 0000 00000000
0003 0035 00000337
0000 0000 00000000
0003 0035 00000338
0000 0000 00000000
0003 0035 00000339
0000 0000 00000000
0003 0035 0000033a
0000 0000 00000000
0003 0035 0000033b
0000 0000 00000000
0003 0035 0000033d
0000 0000 00000000
0003 0035 0000033e
0000 0000 00000000
0003 0035 00000340
0000 0000 00000000
0003 0035 00000342
0000 0000 00000000
0003 0035 00000344
0000 0000 00000000
0003 0035 00000345
0000 0000 00000000
0003 0035 00000348
0000 0000 00000000
0003 0035 0000034a
0003 0036 00000633
0000 0000 00000000
0003 0035 0000034d
0000 0000 00000000
0003 0035 0000034f
0000 0000 00000000
0003 0035 00000352
0000 0000 00000000
0003 0035 00000353
0000 0000 00000000
0003 0035 00000357
0000 0000 00000000
0003 0035 00000359
0000 0000 00000000
0003 0035 0000035b
0000 0000 00000000
0003 0035 0000035e
0000 0000 00000000
0003 0035 00000360
0000 0000 00000000
0003 0035 00000363
0000 0000 00000000
0003 0035 00000366
0000 0000 00000000
0003 0035 00000369
0000 0000 00000000